<?xml version="1.0" encoding="UTF-8"?>
<testng-results skipped="0" failed="0" ignored="0" total="2" passed="2">
  <reporter-output>
  </reporter-output>
  <suite name="Default suite" duration-ms="37192" started-at="2019-09-04T02:36:43Z" finished-at="2019-09-04T02:37:20Z">
    <groups>
    </groups>
    <test name="Default test" duration-ms="37192" started-at="2019-09-04T02:36:43Z" finished-at="2019-09-04T02:37:20Z">
      <class name="seleniumBasics.SeleniumCommands">
        <test-method status="PASS" signature="loginUseCase()[pri:0, instance:seleniumBasics.SeleniumCommands@1593948d]" name="loginUseCase" duration-ms="19917" started-at="2019-09-04T08:06:43Z" finished-at="2019-09-04T08:07:03Z">
          <reporter-output>
          </reporter-output>
        </test-method> <!-- loginUseCase -->
        <test-method status="PASS" signature="seleniumBasicCommands()[pri:0, instance:seleniumBasics.SeleniumCommands@1593948d]" name="seleniumBasicCommands" duration-ms="17242" started-at="2019-09-04T08:07:03Z" finished-at="2019-09-04T08:07:20Z">
          <reporter-output>
          </reporter-output>
        </test-method> <!-- seleniumBasicCommands -->
      </class> <!-- seleniumBasics.SeleniumCommands -->
    </test> <!-- Default test -->
  </suite> <!-- Default suite -->
</testng-results>
